<?xml version="1.0" encoding="UTF-8"?>
<!-- Generated by org.testng.reporters.JUnitReportReporter -->
<testsuite skipped="0" hostname="BDC4-L-2C7VFC2" name="corp.sap.blr.Helaba.Master_Test" tests="1" failures="0" timestamp="06 Jun 2019 07:15:12 GMT" time="60.360" errors="0">
  <testcase name="executeMaster_Test" time="60.360" classname="corp.sap.blr.Helaba.Master_Test"/>
</testsuite> <!-- corp.sap.blr.Helaba.Master_Test -->
