<?xml version="1.0" encoding="UTF-8"?>
<!-- Generated by org.testng.reporters.JUnitReportReporter -->
<testsuite skipped="0" hostname="BDC4-L-2C7VFC2" name="corp.sap.blr.Helaba.Master_Test" tests="1" failures="0" timestamp="03 Jun 2019 06:14:31 GMT" time="44.663" errors="0">
  <testcase name="executeMaster_Test" time="44.663" classname="corp.sap.blr.Helaba.Master_Test"/>
</testsuite> <!-- corp.sap.blr.Helaba.Master_Test -->
